<?xml version="1.0" encoding="UTF-8"?>
<!-- Generated by org.testng.reporters.JUnitXMLReporter -->
<testsuite ignored="0" hostname="DESKTOP-S629BP0" failures="1" tests="2" name="Cucumber Tests" time="21.214" errors="0" timestamp="2024-06-30T23:04:28 IST">
  <testcase classname="io.cucumber.testng.AbstractTestNGCucumberTests" name="runScenario" time="4.297"/>
  <testcase classname="io.cucumber.testng.AbstractTestNGCucumberTests" name="runScenario" time="8.989">
    <failure type="java.lang.RuntimeException" message="Test case not found: null">
      <![CDATA[java.lang.RuntimeException: Test case not found: null
at stepDefinitions.StepDef.Login(StepDef.java:68)
at âœ½.Login with username and password for the test case "TC_001"(file:///C:/Users/sachina/git/TestNGFramework/src/test/resources/features/Adding_Master_Updated.feature:11)
]]>
    </failure>
  </testcase> <!-- runScenario -->
</testsuite> <!-- Cucumber Tests -->
